This is pdfTeX, Version 3.14159265-2.6-1.40.20 (MiKTeX 2.9.7200 64-bit) (preloaded format=pdflatex 2019.10.8)  13 JUL 2020 09:15
entering extended mode
**./Escrito.tex
(Escrito.tex
LaTeX2e <2019-10-01>

("C:\Users\Pablo Vivas\AppData\Local\Programs\MiKTeX 2.9\tex/latex/base\report.
cls"
Document Class: report 2019/08/27 v1.4j Standard LaTeX document class

("C:\Users\Pablo Vivas\AppData\Local\Programs\MiKTeX 2.9\tex/latex/base\size12.
clo"
File: size12.clo 2019/08/27 v1.4j Standard LaTeX file (size option)
)
\c@part=\count80
\c@chapter=\count81
\c@section=\count82
\c@subsection=\count83
\c@subsubsection=\count84
\c@paragraph=\count85
\c@subparagraph=\count86
\c@figure=\count87
\c@table=\count88
\abovecaptionskip=\skip41
\belowcaptionskip=\skip42
\bibindent=\dimen102
)
("C:\Users\Pablo Vivas\AppData\Local\Programs\MiKTeX 2.9\tex/latex/base\inputen
c.sty"
Package: inputenc 2018/08/11 v1.3c Input encoding file
\inpenc@prehook=\toks14
\inpenc@posthook=\toks15
)
("C:\Users\Pablo Vivas\AppData\Local\Programs\MiKTeX 2.9\tex/generic/babel\babe
l.sty"
Package: babel 2019/09/27 3.34 The Babel package

("C:\Users\Pablo Vivas\AppData\Local\Programs\MiKTeX 2.9\tex/generic/babel\swit
ch.def"
File: switch.def 2019/09/27 3.34 Babel switching mechanism
)
*************************************
* Local config file bblopts.cfg used
*

("C:\Users\Pablo Vivas\AppData\Local\Programs\MiKTeX 2.9\tex/latex/arabi\bblopt
s.cfg"
File: bblopts.cfg 2005/09/08 v0.1 add Arabic and Farsi to "declared" options of
 babel
)
("C:\Users\Pablo Vivas\AppData\Local\Programs\MiKTeX 2.9\tex/latex/babel-spanis
h\spanish.ldf"
Language: spanish.ldf 2016/03/03 v5.0p Spanish support from the babel system

("C:\Users\Pablo Vivas\AppData\Local\Programs\MiKTeX 2.9\tex/generic/babel\babe
l.def"
File: babel.def 2019/09/27 3.34 Babel common definitions
\babel@savecnt=\count89
\U@D=\dimen103

("C:\Users\Pablo Vivas\AppData\Local\Programs\MiKTeX 2.9\tex/generic/babel\txtb
abel.def")
\bbl@dirlevel=\count90
)
\es@quottoks=\toks16
\es@quotdepth=\count91
Package babel Info: Making " an active character on input line 561.
Package babel Info: Making . an active character on input line 662.
Package babel Info: Making < an active character on input line 707.
Package babel Info: Making > an active character on input line 707.
))
("C:\Users\Pablo Vivas\AppData\Local\Programs\MiKTeX 2.9\tex/latex/amsmath\amsm
ath.sty"
Package: amsmath 2019/04/01 v2.17c AMS math features
\@mathmargin=\skip43

For additional information on amsmath, use the `?' option.

("C:\Users\Pablo Vivas\AppData\Local\Programs\MiKTeX 2.9\tex/latex/amsmath\amst
ext.sty"
Package: amstext 2000/06/29 v2.01 AMS text

("C:\Users\Pablo Vivas\AppData\Local\Programs\MiKTeX 2.9\tex/latex/amsmath\amsg
en.sty"
File: amsgen.sty 1999/11/30 v2.0 generic functions
\@emptytoks=\toks17
\ex@=\dimen104
))
("C:\Users\Pablo Vivas\AppData\Local\Programs\MiKTeX 2.9\tex/latex/amsmath\amsb
sy.sty"
Package: amsbsy 1999/11/29 v1.2d Bold Symbols
\pmbraise@=\dimen105
)
("C:\Users\Pablo Vivas\AppData\Local\Programs\MiKTeX 2.9\tex/latex/amsmath\amso
pn.sty"
Package: amsopn 2016/03/08 v2.02 operator names
)
\inf@bad=\count92
LaTeX Info: Redefining \frac on input line 227.
\uproot@=\count93
\leftroot@=\count94
LaTeX Info: Redefining \overline on input line 389.
\classnum@=\count95
\DOTSCASE@=\count96
LaTeX Info: Redefining \ldots on input line 486.
LaTeX Info: Redefining \dots on input line 489.
LaTeX Info: Redefining \cdots on input line 610.
\Mathstrutbox@=\box27
\strutbox@=\box28
\big@size=\dimen106
LaTeX Font Info:    Redeclaring font encoding OML on input line 733.
LaTeX Font Info:    Redeclaring font encoding OMS on input line 734.
\macc@depth=\count97
\c@MaxMatrixCols=\count98
\dotsspace@=\muskip10
\c@parentequation=\count99
\dspbrk@lvl=\count100
\tag@help=\toks18
\row@=\count101
\column@=\count102
\maxfields@=\count103
\andhelp@=\toks19
\eqnshift@=\dimen107
\alignsep@=\dimen108
\tagshift@=\dimen109
\tagwidth@=\dimen110
\totwidth@=\dimen111
\lineht@=\dimen112
\@envbody=\toks20
\multlinegap=\skip44
\multlinetaggap=\skip45
\mathdisplay@stack=\toks21
LaTeX Info: Redefining \[ on input line 2855.
LaTeX Info: Redefining \] on input line 2856.
)
("C:\Users\Pablo Vivas\AppData\Local\Programs\MiKTeX 2.9\tex/latex/amsfonts\ams
fonts.sty"
Package: amsfonts 2013/01/14 v3.01 Basic AMSFonts support
\symAMSa=\mathgroup4
\symAMSb=\mathgroup5
LaTeX Font Info:    Redeclaring math symbol \hbar on input line 98.
LaTeX Font Info:    Overwriting math alphabet `\mathfrak' in version `bold'
(Font)                  U/euf/m/n --> U/euf/b/n on input line 106.
)
("C:\Users\Pablo Vivas\AppData\Local\Programs\MiKTeX 2.9\tex/latex/amsfonts\ams
symb.sty"
Package: amssymb 2013/01/14 v3.01 AMS font symbols
)
("C:\Users\Pablo Vivas\AppData\Local\Programs\MiKTeX 2.9\tex/latex/base\makeidx
.sty"
Package: makeidx 2014/09/29 v1.0m Standard LaTeX package
)
("C:\Users\Pablo Vivas\AppData\Local\Programs\MiKTeX 2.9\tex/latex/graphics\gra
phicx.sty"
Package: graphicx 2017/06/01 v1.1a Enhanced LaTeX Graphics (DPC,SPQR)

("C:\Users\Pablo Vivas\AppData\Local\Programs\MiKTeX 2.9\tex/latex/graphics\key
val.sty"
Package: keyval 2014/10/28 v1.15 key=value parser (DPC)
\KV@toks@=\toks22
)
("C:\Users\Pablo Vivas\AppData\Local\Programs\MiKTeX 2.9\tex/latex/graphics\gra
phics.sty"
Package: graphics 2019/07/20 v1.3b Standard LaTeX Graphics (DPC,SPQR)

("C:\Users\Pablo Vivas\AppData\Local\Programs\MiKTeX 2.9\tex/latex/graphics\tri
g.sty"
Package: trig 2016/01/03 v1.10 sin cos tan (DPC)
)
("C:\Users\Pablo Vivas\AppData\Local\Programs\MiKTeX 2.9\tex/latex/graphics-cfg
\graphics.cfg"
File: graphics.cfg 2016/06/04 v1.11 sample graphics configuration
)
Package graphics Info: Driver file: pdftex.def on input line 105.

("C:\Users\Pablo Vivas\AppData\Local\Programs\MiKTeX 2.9\tex/latex/graphics-def
\pdftex.def"
File: pdftex.def 2018/01/08 v1.0l Graphics/color driver for pdftex
))
\Gin@req@height=\dimen113
\Gin@req@width=\dimen114
)
("C:\Users\Pablo Vivas\AppData\Local\Programs\MiKTeX 2.9\tex/latex/lm\lmodern.s
ty"
Package: lmodern 2009/10/30 v1.6 Latin Modern Fonts
LaTeX Font Info:    Overwriting symbol font `operators' in version `normal'
(Font)                  OT1/cmr/m/n --> OT1/lmr/m/n on input line 22.
LaTeX Font Info:    Overwriting symbol font `letters' in version `normal'
(Font)                  OML/cmm/m/it --> OML/lmm/m/it on input line 23.
LaTeX Font Info:    Overwriting symbol font `symbols' in version `normal'
(Font)                  OMS/cmsy/m/n --> OMS/lmsy/m/n on input line 24.
LaTeX Font Info:    Overwriting symbol font `largesymbols' in version `normal'
(Font)                  OMX/cmex/m/n --> OMX/lmex/m/n on input line 25.
LaTeX Font Info:    Overwriting symbol font `operators' in version `bold'
(Font)                  OT1/cmr/bx/n --> OT1/lmr/bx/n on input line 26.
LaTeX Font Info:    Overwriting symbol font `letters' in version `bold'
(Font)                  OML/cmm/b/it --> OML/lmm/b/it on input line 27.
LaTeX Font Info:    Overwriting symbol font `symbols' in version `bold'
(Font)                  OMS/cmsy/b/n --> OMS/lmsy/b/n on input line 28.
LaTeX Font Info:    Overwriting symbol font `largesymbols' in version `bold'
(Font)                  OMX/cmex/m/n --> OMX/lmex/m/n on input line 29.
LaTeX Font Info:    Overwriting math alphabet `\mathbf' in version `normal'
(Font)                  OT1/cmr/bx/n --> OT1/lmr/bx/n on input line 31.
LaTeX Font Info:    Overwriting math alphabet `\mathsf' in version `normal'
(Font)                  OT1/cmss/m/n --> OT1/lmss/m/n on input line 32.
LaTeX Font Info:    Overwriting math alphabet `\mathit' in version `normal'
(Font)                  OT1/cmr/m/it --> OT1/lmr/m/it on input line 33.
LaTeX Font Info:    Overwriting math alphabet `\mathtt' in version `normal'
(Font)                  OT1/cmtt/m/n --> OT1/lmtt/m/n on input line 34.
LaTeX Font Info:    Overwriting math alphabet `\mathbf' in version `bold'
(Font)                  OT1/cmr/bx/n --> OT1/lmr/bx/n on input line 35.
LaTeX Font Info:    Overwriting math alphabet `\mathsf' in version `bold'
(Font)                  OT1/cmss/bx/n --> OT1/lmss/bx/n on input line 36.
LaTeX Font Info:    Overwriting math alphabet `\mathit' in version `bold'
(Font)                  OT1/cmr/bx/it --> OT1/lmr/bx/it on input line 37.
LaTeX Font Info:    Overwriting math alphabet `\mathtt' in version `bold'
(Font)                  OT1/cmtt/m/n --> OT1/lmtt/m/n on input line 38.
)
("C:\Users\Pablo Vivas\AppData\Local\Programs\MiKTeX 2.9\tex/latex/kpfonts\kpfo
nts.sty"
Package: kpfonts  2010/08/20 v3.31

("C:\Users\Pablo Vivas\AppData\Local\Programs\MiKTeX 2.9\tex/latex/base\textcom
p.sty"
Package: textcomp 2018/08/11 v2.0j Standard LaTeX package
Package textcomp Info: Sub-encoding information:
(textcomp)               5 = only ISO-Adobe without \textcurrency
(textcomp)               4 = 5 + \texteuro
(textcomp)               3 = 4 + \textohm
(textcomp)               2 = 3 + \textestimated + \textcurrency
(textcomp)               1 = TS1 - \textcircled - \t
(textcomp)               0 = TS1 (full)
(textcomp)             Font families with sub-encoding setting implement
(textcomp)             only a restricted character set as indicated.
(textcomp)             Family '?' is the default used for unknown fonts.
(textcomp)             See the documentation for details.
Package textcomp Info: Setting ? sub-encoding to TS1/1 on input line 79.
Package textcomp Info: Changing ? sub-encoding to TS1/0 on input line 80.

("C:\Users\Pablo Vivas\AppData\Local\Programs\MiKTeX 2.9\tex/latex/base\ts1enc.
def"
File: ts1enc.def 2001/06/05 v3.0e (jk/car/fm) Standard LaTeX file
Now handling font encoding TS1 ...
... processing UTF-8 mapping file for font encoding TS1

("C:\Users\Pablo Vivas\AppData\Local\Programs\MiKTeX 2.9\tex/latex/base\ts1enc.
dfu"
File: ts1enc.dfu 2019/07/11 v1.2j UTF-8 support for inputenc
   defining Unicode char U+00A2 (decimal 162)
   defining Unicode char U+00A3 (decimal 163)
   defining Unicode char U+00A4 (decimal 164)
   defining Unicode char U+00A5 (decimal 165)
   defining Unicode char U+00A6 (decimal 166)
   defining Unicode char U+00A7 (decimal 167)
   defining Unicode char U+00A8 (decimal 168)
   defining Unicode char U+00A9 (decimal 169)
   defining Unicode char U+00AA (decimal 170)
   defining Unicode char U+00AC (decimal 172)
   defining Unicode char U+00AE (decimal 174)
   defining Unicode char U+00AF (decimal 175)
   defining Unicode char U+00B0 (decimal 176)
   defining Unicode char U+00B1 (decimal 177)
   defining Unicode char U+00B2 (decimal 178)
   defining Unicode char U+00B3 (decimal 179)
   defining Unicode char U+00B4 (decimal 180)
   defining Unicode char U+00B5 (decimal 181)
   defining Unicode char U+00B6 (decimal 182)
   defining Unicode char U+00B7 (decimal 183)
   defining Unicode char U+00B9 (decimal 185)
   defining Unicode char U+00BA (decimal 186)
   defining Unicode char U+00BC (decimal 188)
   defining Unicode char U+00BD (decimal 189)
   defining Unicode char U+00BE (decimal 190)
   defining Unicode char U+00D7 (decimal 215)
   defining Unicode char U+00F7 (decimal 247)
   defining Unicode char U+0192 (decimal 402)
   defining Unicode char U+02C7 (decimal 711)
   defining Unicode char U+02D8 (decimal 728)
   defining Unicode char U+02DD (decimal 733)
   defining Unicode char U+0E3F (decimal 3647)
   defining Unicode char U+2016 (decimal 8214)
   defining Unicode char U+2020 (decimal 8224)
   defining Unicode char U+2021 (decimal 8225)
   defining Unicode char U+2022 (decimal 8226)
   defining Unicode char U+2030 (decimal 8240)
   defining Unicode char U+2031 (decimal 8241)
   defining Unicode char U+203B (decimal 8251)
   defining Unicode char U+203D (decimal 8253)
   defining Unicode char U+2044 (decimal 8260)
   defining Unicode char U+204E (decimal 8270)
   defining Unicode char U+2052 (decimal 8274)
   defining Unicode char U+20A1 (decimal 8353)
   defining Unicode char U+20A4 (decimal 8356)
   defining Unicode char U+20A6 (decimal 8358)
   defining Unicode char U+20A9 (decimal 8361)
   defining Unicode char U+20AB (decimal 8363)
   defining Unicode char U+20AC (decimal 8364)
   defining Unicode char U+20B1 (decimal 8369)
   defining Unicode char U+2103 (decimal 8451)
   defining Unicode char U+2116 (decimal 8470)
   defining Unicode char U+2117 (decimal 8471)
   defining Unicode char U+211E (decimal 8478)
   defining Unicode char U+2120 (decimal 8480)
   defining Unicode char U+2122 (decimal 8482)
   defining Unicode char U+2126 (decimal 8486)
   defining Unicode char U+2127 (decimal 8487)
   defining Unicode char U+212E (decimal 8494)
   defining Unicode char U+2190 (decimal 8592)
   defining Unicode char U+2191 (decimal 8593)
   defining Unicode char U+2192 (decimal 8594)
   defining Unicode char U+2193 (decimal 8595)
   defining Unicode char U+2329 (decimal 9001)
   defining Unicode char U+232A (decimal 9002)
   defining Unicode char U+2422 (decimal 9250)
   defining Unicode char U+25E6 (decimal 9702)
   defining Unicode char U+25EF (decimal 9711)
   defining Unicode char U+266A (decimal 9834)
   defining Unicode char U+27E8 (decimal 10216)
   defining Unicode char U+27E9 (decimal 10217)
   defining Unicode char U+FEFF (decimal 65279)
))
LaTeX Info: Redefining \oldstylenums on input line 334.
Package textcomp Info: Setting cmr sub-encoding to TS1/0 on input line 349.
Package textcomp Info: Setting cmss sub-encoding to TS1/0 on input line 350.
Package textcomp Info: Setting cmtt sub-encoding to TS1/0 on input line 351.
Package textcomp Info: Setting cmvtt sub-encoding to TS1/0 on input line 352.
Package textcomp Info: Setting cmbr sub-encoding to TS1/0 on input line 353.
Package textcomp Info: Setting cmtl sub-encoding to TS1/0 on input line 354.
Package textcomp Info: Setting ccr sub-encoding to TS1/0 on input line 355.
Package textcomp Info: Setting ptm sub-encoding to TS1/4 on input line 356.
Package textcomp Info: Setting pcr sub-encoding to TS1/4 on input line 357.
Package textcomp Info: Setting phv sub-encoding to TS1/4 on input line 358.
Package textcomp Info: Setting ppl sub-encoding to TS1/3 on input line 359.
Package textcomp Info: Setting pag sub-encoding to TS1/4 on input line 360.
Package textcomp Info: Setting pbk sub-encoding to TS1/4 on input line 361.
Package textcomp Info: Setting pnc sub-encoding to TS1/4 on input line 362.
Package textcomp Info: Setting pzc sub-encoding to TS1/4 on input line 363.
Package textcomp Info: Setting bch sub-encoding to TS1/4 on input line 364.
Package textcomp Info: Setting put sub-encoding to TS1/5 on input line 365.
Package textcomp Info: Setting uag sub-encoding to TS1/5 on input line 366.
Package textcomp Info: Setting ugq sub-encoding to TS1/5 on input line 367.
Package textcomp Info: Setting ul8 sub-encoding to TS1/4 on input line 368.
Package textcomp Info: Setting ul9 sub-encoding to TS1/4 on input line 369.
Package textcomp Info: Setting augie sub-encoding to TS1/5 on input line 370.
Package textcomp Info: Setting dayrom sub-encoding to TS1/3 on input line 371.
Package textcomp Info: Setting dayroms sub-encoding to TS1/3 on input line 372.

Package textcomp Info: Setting pxr sub-encoding to TS1/0 on input line 373.
Package textcomp Info: Setting pxss sub-encoding to TS1/0 on input line 374.
Package textcomp Info: Setting pxtt sub-encoding to TS1/0 on input line 375.
Package textcomp Info: Setting txr sub-encoding to TS1/0 on input line 376.
Package textcomp Info: Setting txss sub-encoding to TS1/0 on input line 377.
Package textcomp Info: Setting txtt sub-encoding to TS1/0 on input line 378.
Package textcomp Info: Setting lmr sub-encoding to TS1/0 on input line 379.
Package textcomp Info: Setting lmdh sub-encoding to TS1/0 on input line 380.
Package textcomp Info: Setting lmss sub-encoding to TS1/0 on input line 381.
Package textcomp Info: Setting lmssq sub-encoding to TS1/0 on input line 382.
Package textcomp Info: Setting lmvtt sub-encoding to TS1/0 on input line 383.
Package textcomp Info: Setting lmtt sub-encoding to TS1/0 on input line 384.
Package textcomp Info: Setting qhv sub-encoding to TS1/0 on input line 385.
Package textcomp Info: Setting qag sub-encoding to TS1/0 on input line 386.
Package textcomp Info: Setting qbk sub-encoding to TS1/0 on input line 387.
Package textcomp Info: Setting qcr sub-encoding to TS1/0 on input line 388.
Package textcomp Info: Setting qcs sub-encoding to TS1/0 on input line 389.
Package textcomp Info: Setting qpl sub-encoding to TS1/0 on input line 390.
Package textcomp Info: Setting qtm sub-encoding to TS1/0 on input line 391.
Package textcomp Info: Setting qzc sub-encoding to TS1/0 on input line 392.
Package textcomp Info: Setting qhvc sub-encoding to TS1/0 on input line 393.
Package textcomp Info: Setting futs sub-encoding to TS1/4 on input line 394.
Package textcomp Info: Setting futx sub-encoding to TS1/4 on input line 395.
Package textcomp Info: Setting futj sub-encoding to TS1/4 on input line 396.
Package textcomp Info: Setting hlh sub-encoding to TS1/3 on input line 397.
Package textcomp Info: Setting hls sub-encoding to TS1/3 on input line 398.
Package textcomp Info: Setting hlst sub-encoding to TS1/3 on input line 399.
Package textcomp Info: Setting hlct sub-encoding to TS1/5 on input line 400.
Package textcomp Info: Setting hlx sub-encoding to TS1/5 on input line 401.
Package textcomp Info: Setting hlce sub-encoding to TS1/5 on input line 402.
Package textcomp Info: Setting hlcn sub-encoding to TS1/5 on input line 403.
Package textcomp Info: Setting hlcw sub-encoding to TS1/5 on input line 404.
Package textcomp Info: Setting hlcf sub-encoding to TS1/5 on input line 405.
Package textcomp Info: Setting pplx sub-encoding to TS1/3 on input line 406.
Package textcomp Info: Setting pplj sub-encoding to TS1/3 on input line 407.
Package textcomp Info: Setting ptmx sub-encoding to TS1/4 on input line 408.
Package textcomp Info: Setting ptmj sub-encoding to TS1/4 on input line 409.
)
\c@mv@rm=\count104
\c@mv@boldrm=\count105
\c@mv@sf=\count106
\c@mv@boldsf=\count107
LaTeX Font Info:    Redeclaring symbol font `operators' on input line 354.
LaTeX Font Info:    Overwriting symbol font `operators' in version `normal'
(Font)                  OT1/lmr/m/n --> OT1/jkp/m/n on input line 354.
LaTeX Font Info:    Overwriting symbol font `operators' in version `bold'
(Font)                  OT1/lmr/bx/n --> OT1/jkp/m/n on input line 354.
LaTeX Font Info:    Overwriting symbol font `operators' in version `rm'
(Font)                  OT1/cmr/m/n --> OT1/jkp/m/n on input line 354.
LaTeX Font Info:    Overwriting symbol font `operators' in version `boldrm'
(Font)                  OT1/cmr/m/n --> OT1/jkp/m/n on input line 354.
LaTeX Font Info:    Overwriting symbol font `operators' in version `sf'
(Font)                  OT1/cmr/m/n --> OT1/jkp/m/n on input line 354.
LaTeX Font Info:    Overwriting symbol font `operators' in version `boldsf'
(Font)                  OT1/cmr/m/n --> OT1/jkp/m/n on input line 354.
LaTeX Font Info:    Overwriting symbol font `operators' in version `bold'
(Font)                  OT1/jkp/m/n --> OT1/jkp/b/n on input line 355.
LaTeX Font Info:    Overwriting symbol font `operators' in version `rm'
(Font)                  OT1/jkp/m/n --> OT1/jkp/m/n on input line 357.
LaTeX Font Info:    Overwriting symbol font `operators' in version `boldrm'
(Font)                  OT1/jkp/m/n --> OT1/jkp/b/n on input line 358.
LaTeX Font Info:    Overwriting symbol font `operators' in version `sf'
(Font)                  OT1/jkp/m/n --> OT1/jkpss/m/n on input line 359.
LaTeX Font Info:    Overwriting symbol font `operators' in version `boldsf'
(Font)                  OT1/jkp/m/n --> OT1/jkpss/b/n on input line 360.
LaTeX Font Info:    Redeclaring math alphabet \mathrm on input line 364.
LaTeX Font Info:    Overwriting math alphabet `\mathrm' in version `bold'
(Font)                  OT1/jkp/m/n --> OT1/jkp/b/n on input line 365.
LaTeX Font Info:    Overwriting math alphabet `\mathrm' in version `rm'
(Font)                  OT1/jkp/m/n --> OT1/jkp/m/n on input line 366.
LaTeX Font Info:    Overwriting math alphabet `\mathrm' in version `boldrm'
(Font)                  OT1/jkp/m/n --> OT1/jkp/b/n on input line 367.
LaTeX Font Info:    Overwriting math alphabet `\mathrm' in version `sf'
(Font)                  OT1/jkp/m/n --> OT1/jkp/m/n on input line 368.
LaTeX Font Info:    Overwriting math alphabet `\mathrm' in version `boldsf'
(Font)                  OT1/jkp/m/n --> OT1/jkp/b/n on input line 369.
LaTeX Font Info:    Redeclaring math alphabet \mathbf on input line 378.
LaTeX Font Info:    Overwriting math alphabet `\mathbf' in version `normal'
(Font)                  OT1/lmr/bx/n --> OT1/jkp/b/n on input line 378.
LaTeX Font Info:    Overwriting math alphabet `\mathbf' in version `bold'
(Font)                  OT1/lmr/bx/n --> OT1/jkp/b/n on input line 378.
LaTeX Font Info:    Overwriting math alphabet `\mathbf' in version `rm'
(Font)                  OT1/cmr/bx/n --> OT1/jkp/b/n on input line 378.
LaTeX Font Info:    Overwriting math alphabet `\mathbf' in version `boldrm'
(Font)                  OT1/cmr/bx/n --> OT1/jkp/b/n on input line 378.
LaTeX Font Info:    Overwriting math alphabet `\mathbf' in version `sf'
(Font)                  OT1/cmr/bx/n --> OT1/jkp/b/n on input line 378.
LaTeX Font Info:    Overwriting math alphabet `\mathbf' in version `boldsf'
(Font)                  OT1/cmr/bx/n --> OT1/jkp/b/n on input line 378.
LaTeX Font Info:    Overwriting math alphabet `\mathbf' in version `bold'
(Font)                  OT1/jkp/b/n --> OT1/jkp/b/n on input line 379.
LaTeX Font Info:    Overwriting math alphabet `\mathbf' in version `rm'
(Font)                  OT1/jkp/b/n --> OT1/jkp/b/n on input line 381.
LaTeX Font Info:    Overwriting math alphabet `\mathbf' in version `boldrm'
(Font)                  OT1/jkp/b/n --> OT1/jkp/b/n on input line 382.
LaTeX Font Info:    Overwriting math alphabet `\mathbf' in version `sf'
(Font)                  OT1/jkp/b/n --> OT1/jkpss/b/n on input line 383.
LaTeX Font Info:    Overwriting math alphabet `\mathbf' in version `boldsf'
(Font)                  OT1/jkp/b/n --> OT1/jkpss/b/n on input line 384.
LaTeX Font Info:    Redeclaring math alphabet \mathit on input line 390.
LaTeX Font Info:    Overwriting math alphabet `\mathit' in version `normal'
(Font)                  OT1/lmr/m/it --> OT1/jkp/m/it on input line 390.
LaTeX Font Info:    Overwriting math alphabet `\mathit' in version `bold'
(Font)                  OT1/lmr/bx/it --> OT1/jkp/m/it on input line 390.
LaTeX Font Info:    Overwriting math alphabet `\mathit' in version `rm'
(Font)                  OT1/cmr/m/it --> OT1/jkp/m/it on input line 390.
LaTeX Font Info:    Overwriting math alphabet `\mathit' in version `boldrm'
(Font)                  OT1/cmr/m/it --> OT1/jkp/m/it on input line 390.
LaTeX Font Info:    Overwriting math alphabet `\mathit' in version `sf'
(Font)                  OT1/cmr/m/it --> OT1/jkp/m/it on input line 390.
LaTeX Font Info:    Overwriting math alphabet `\mathit' in version `boldsf'
(Font)                  OT1/cmr/m/it --> OT1/jkp/m/it on input line 390.
LaTeX Font Info:    Overwriting math alphabet `\mathit' in version `bold'
(Font)                  OT1/jkp/m/it --> OT1/jkp/b/it on input line 391.
LaTeX Font Info:    Overwriting math alphabet `\mathit' in version `rm'
(Font)                  OT1/jkp/m/it --> OT1/jkp/m/it on input line 393.
LaTeX Font Info:    Overwriting math alphabet `\mathit' in version `boldrm'
(Font)                  OT1/jkp/m/it --> OT1/jkp/b/it on input line 394.
LaTeX Font Info:    Overwriting math alphabet `\mathit' in version `sf'
(Font)                  OT1/jkp/m/it --> OT1/jkpss/m/it on input line 395.
LaTeX Font Info:    Overwriting math alphabet `\mathit' in version `boldsf'
(Font)                  OT1/jkp/m/it --> OT1/jkpss/b/it on input line 396.
LaTeX Font Info:    Redeclaring math alphabet \mathsf on input line 401.
LaTeX Font Info:    Overwriting math alphabet `\mathsf' in version `normal'
(Font)                  OT1/lmss/m/n --> OT1/jkpss/m/n on input line 401.
LaTeX Font Info:    Overwriting math alphabet `\mathsf' in version `bold'
(Font)                  OT1/lmss/bx/n --> OT1/jkpss/m/n on input line 401.
LaTeX Font Info:    Overwriting math alphabet `\mathsf' in version `rm'
(Font)                  OT1/cmss/m/n --> OT1/jkpss/m/n on input line 401.
LaTeX Font Info:    Overwriting math alphabet `\mathsf' in version `boldrm'
(Font)                  OT1/cmss/m/n --> OT1/jkpss/m/n on input line 401.
LaTeX Font Info:    Overwriting math alphabet `\mathsf' in version `sf'
(Font)                  OT1/cmss/m/n --> OT1/jkpss/m/n on input line 401.
LaTeX Font Info:    Overwriting math alphabet `\mathsf' in version `boldsf'
(Font)                  OT1/cmss/m/n --> OT1/jkpss/m/n on input line 401.
LaTeX Font Info:    Overwriting math alphabet `\mathsf' in version `bold'
(Font)                  OT1/jkpss/m/n --> OT1/jkpss/b/n on input line 402.
LaTeX Font Info:    Overwriting math alphabet `\mathsf' in version `rm'
(Font)                  OT1/jkpss/m/n --> OT1/jkpss/m/n on input line 403.
LaTeX Font Info:    Overwriting math alphabet `\mathsf' in version `boldrm'
(Font)                  OT1/jkpss/m/n --> OT1/jkpss/b/n on input line 404.
LaTeX Font Info:    Overwriting math alphabet `\mathsf' in version `sf'
(Font)                  OT1/jkpss/m/n --> OT1/jkpss/m/n on input line 405.
LaTeX Font Info:    Overwriting math alphabet `\mathsf' in version `boldsf'
(Font)                  OT1/jkpss/m/n --> OT1/jkpss/b/n on input line 406.
LaTeX Font Info:    Redeclaring math alphabet \mathtt on input line 410.
LaTeX Font Info:    Overwriting math alphabet `\mathtt' in version `normal'
(Font)                  OT1/lmtt/m/n --> OT1/jkptt/m/n on input line 410.
LaTeX Font Info:    Overwriting math alphabet `\mathtt' in version `bold'
(Font)                  OT1/lmtt/m/n --> OT1/jkptt/m/n on input line 410.
LaTeX Font Info:    Overwriting math alphabet `\mathtt' in version `rm'
(Font)                  OT1/cmtt/m/n --> OT1/jkptt/m/n on input line 410.
LaTeX Font Info:    Overwriting math alphabet `\mathtt' in version `boldrm'
(Font)                  OT1/cmtt/m/n --> OT1/jkptt/m/n on input line 410.
LaTeX Font Info:    Overwriting math alphabet `\mathtt' in version `sf'
(Font)                  OT1/cmtt/m/n --> OT1/jkptt/m/n on input line 410.
LaTeX Font Info:    Overwriting math alphabet `\mathtt' in version `boldsf'
(Font)                  OT1/cmtt/m/n --> OT1/jkptt/m/n on input line 410.
LaTeX Font Info:    Overwriting math alphabet `\mathtt' in version `bold'
(Font)                  OT1/jkptt/m/n --> OT1/jkptt/b/n on input line 411.
LaTeX Font Info:    Overwriting math alphabet `\mathtt' in version `rm'
(Font)                  OT1/jkptt/m/n --> OT1/jkptt/m/n on input line 412.
LaTeX Font Info:    Overwriting math alphabet `\mathtt' in version `boldrm'
(Font)                  OT1/jkptt/m/n --> OT1/jkptt/b/n on input line 413.
LaTeX Font Info:    Overwriting math alphabet `\mathtt' in version `sf'
(Font)                  OT1/jkptt/m/n --> OT1/jkptt/m/n on input line 414.
LaTeX Font Info:    Overwriting math alphabet `\mathtt' in version `boldsf'
(Font)                  OT1/jkptt/m/n --> OT1/jkptt/b/n on input line 415.
LaTeX Font Info:    Redeclaring symbol font `letters' on input line 423.
LaTeX Font Info:    Overwriting symbol font `letters' in version `normal'
(Font)                  OML/lmm/m/it --> OML/jkp/m/it on input line 423.
LaTeX Font Info:    Overwriting symbol font `letters' in version `bold'
(Font)                  OML/lmm/b/it --> OML/jkp/m/it on input line 423.
LaTeX Font Info:    Overwriting symbol font `letters' in version `rm'
(Font)                  OML/cmm/m/it --> OML/jkp/m/it on input line 423.
LaTeX Font Info:    Overwriting symbol font `letters' in version `boldrm'
(Font)                  OML/cmm/m/it --> OML/jkp/m/it on input line 423.
LaTeX Font Info:    Overwriting symbol font `letters' in version `sf'
(Font)                  OML/cmm/m/it --> OML/jkp/m/it on input line 423.
LaTeX Font Info:    Overwriting symbol font `letters' in version `boldsf'
(Font)                  OML/cmm/m/it --> OML/jkp/m/it on input line 423.
LaTeX Font Info:    Overwriting symbol font `letters' in version `bold'
(Font)                  OML/jkp/m/it --> OML/jkp/bx/it on input line 424.
LaTeX Font Info:    Overwriting symbol font `letters' in version `rm'
(Font)                  OML/jkp/m/it --> OML/jkp/m/it on input line 426.
LaTeX Font Info:    Overwriting symbol font `letters' in version `boldrm'
(Font)                  OML/jkp/m/it --> OML/jkp/bx/it on input line 427.
LaTeX Font Info:    Overwriting symbol font `letters' in version `sf'
(Font)                  OML/jkp/m/it --> OML/jkpss/m/it on input line 428.
LaTeX Font Info:    Overwriting symbol font `letters' in version `boldsf'
(Font)                  OML/jkp/m/it --> OML/jkpss/bx/it on input line 429.
\symlettersA=\mathgroup6
LaTeX Font Info:    Overwriting symbol font `lettersA' in version `bold'
(Font)                  U/jkpmia/m/it --> U/jkpmia/bx/it on input line 439.
LaTeX Font Info:    Overwriting symbol font `lettersA' in version `rm'
(Font)                  U/jkpmia/m/it --> U/jkpmia/m/it on input line 441.
LaTeX Font Info:    Overwriting symbol font `lettersA' in version `boldrm'
(Font)                  U/jkpmia/m/it --> U/jkpmia/bx/it on input line 442.
LaTeX Font Info:    Overwriting symbol font `lettersA' in version `sf'
(Font)                  U/jkpmia/m/it --> U/jkpssmia/m/it on input line 443.
LaTeX Font Info:    Overwriting symbol font `lettersA' in version `boldsf'
(Font)                  U/jkpmia/m/it --> U/jkpssmia/bx/it on input line 444.
LaTeX Font Info:    Redeclaring math alphabet \mathfrak on input line 447.
LaTeX Font Info:    Redeclaring symbol font `symbols' on input line 456.
LaTeX Font Info:    Overwriting symbol font `symbols' in version `normal'
(Font)                  OMS/lmsy/m/n --> OMS/jkp/m/n on input line 456.
LaTeX Font Info:    Overwriting symbol font `symbols' in version `bold'
(Font)                  OMS/lmsy/b/n --> OMS/jkp/m/n on input line 456.
LaTeX Font Info:    Overwriting symbol font `symbols' in version `rm'
(Font)                  OMS/cmsy/m/n --> OMS/jkp/m/n on input line 456.
LaTeX Font Info:    Overwriting symbol font `symbols' in version `boldrm'
(Font)                  OMS/cmsy/m/n --> OMS/jkp/m/n on input line 456.
LaTeX Font Info:    Overwriting symbol font `symbols' in version `sf'
(Font)                  OMS/cmsy/m/n --> OMS/jkp/m/n on input line 456.
LaTeX Font Info:    Overwriting symbol font `symbols' in version `boldsf'
(Font)                  OMS/cmsy/m/n --> OMS/jkp/m/n on input line 456.
LaTeX Font Info:    Overwriting symbol font `symbols' in version `bold'
(Font)                  OMS/jkp/m/n --> OMS/jkp/bx/n on input line 457.
LaTeX Font Info:    Overwriting symbol font `symbols' in version `rm'
(Font)                  OMS/jkp/m/n --> OMS/jkp/m/n on input line 459.
LaTeX Font Info:    Overwriting symbol font `symbols' in version `boldrm'
(Font)                  OMS/jkp/m/n --> OMS/jkp/bx/n on input line 460.
LaTeX Font Info:    Overwriting symbol font `symbols' in version `sf'
(Font)                  OMS/jkp/m/n --> OMS/jkp/m/n on input line 461.
LaTeX Font Info:    Overwriting symbol font `symbols' in version `boldsf'
(Font)                  OMS/jkp/m/n --> OMS/jkp/bx/n on input line 462.
LaTeX Font Info:    Redeclaring symbol font `AMSa' on input line 475.
LaTeX Font Info:    Overwriting symbol font `AMSa' in version `normal'
(Font)                  U/msa/m/n --> U/jkpsya/m/n on input line 475.
LaTeX Font Info:    Overwriting symbol font `AMSa' in version `bold'
(Font)                  U/msa/m/n --> U/jkpsya/m/n on input line 475.
LaTeX Font Info:    Overwriting symbol font `AMSa' in version `rm'
(Font)                  U/msa/m/n --> U/jkpsya/m/n on input line 475.
LaTeX Font Info:    Overwriting symbol font `AMSa' in version `boldrm'
(Font)                  U/msa/m/n --> U/jkpsya/m/n on input line 475.
LaTeX Font Info:    Overwriting symbol font `AMSa' in version `sf'
(Font)                  U/msa/m/n --> U/jkpsya/m/n on input line 475.
LaTeX Font Info:    Overwriting symbol font `AMSa' in version `boldsf'
(Font)                  U/msa/m/n --> U/jkpsya/m/n on input line 475.
LaTeX Font Info:    Overwriting symbol font `AMSa' in version `bold'
(Font)                  U/jkpsya/m/n --> U/jkpsya/bx/n on input line 476.
LaTeX Font Info:    Overwriting symbol font `AMSa' in version `rm'
(Font)                  U/jkpsya/m/n --> U/jkpsya/m/n on input line 477.
LaTeX Font Info:    Overwriting symbol font `AMSa' in version `boldrm'
(Font)                  U/jkpsya/m/n --> U/jkpsya/bx/n on input line 478.
LaTeX Font Info:    Overwriting symbol font `AMSa' in version `sf'
(Font)                  U/jkpsya/m/n --> U/jkpsya/m/n on input line 479.
LaTeX Font Info:    Overwriting symbol font `AMSa' in version `boldsf'
(Font)                  U/jkpsya/m/n --> U/jkpsya/bx/n on input line 480.
LaTeX Font Info:    Redeclaring symbol font `AMSb' on input line 528.
LaTeX Font Info:    Overwriting symbol font `AMSb' in version `normal'
(Font)                  U/msb/m/n --> U/jkpsyb/m/n on input line 528.
LaTeX Font Info:    Overwriting symbol font `AMSb' in version `bold'
(Font)                  U/msb/m/n --> U/jkpsyb/m/n on input line 528.
LaTeX Font Info:    Overwriting symbol font `AMSb' in version `rm'
(Font)                  U/msb/m/n --> U/jkpsyb/m/n on input line 528.
LaTeX Font Info:    Overwriting symbol font `AMSb' in version `boldrm'
(Font)                  U/msb/m/n --> U/jkpsyb/m/n on input line 528.
LaTeX Font Info:    Overwriting symbol font `AMSb' in version `sf'
(Font)                  U/msb/m/n --> U/jkpsyb/m/n on input line 528.
LaTeX Font Info:    Overwriting symbol font `AMSb' in version `boldsf'
(Font)                  U/msb/m/n --> U/jkpsyb/m/n on input line 528.
LaTeX Font Info:    Overwriting symbol font `AMSb' in version `bold'
(Font)                  U/jkpsyb/m/n --> U/jkpsyb/bx/n on input line 529.
LaTeX Font Info:    Overwriting symbol font `AMSb' in version `rm'
(Font)                  U/jkpsyb/m/n --> U/jkpsyb/m/n on input line 530.
LaTeX Font Info:    Overwriting symbol font `AMSb' in version `boldrm'
(Font)                  U/jkpsyb/m/n --> U/jkpsyb/bx/n on input line 531.
LaTeX Font Info:    Overwriting symbol font `AMSb' in version `sf'
(Font)                  U/jkpsyb/m/n --> U/jkpsssyb/m/n on input line 532.
LaTeX Font Info:    Overwriting symbol font `AMSb' in version `boldsf'
(Font)                  U/jkpsyb/m/n --> U/jkpsssyb/bx/n on input line 533.
\symsymbolsC=\mathgroup7
LaTeX Font Info:    Overwriting symbol font `symbolsC' in version `bold'
(Font)                  U/jkpsyc/m/n --> U/jkpsyc/bx/n on input line 549.
LaTeX Font Info:    Overwriting symbol font `symbolsC' in version `rm'
(Font)                  U/jkpsyc/m/n --> U/jkpsyc/m/n on input line 551.
LaTeX Font Info:    Overwriting symbol font `symbolsC' in version `boldrm'
(Font)                  U/jkpsyc/m/n --> U/jkpsyc/bx/n on input line 552.
LaTeX Font Info:    Overwriting symbol font `symbolsC' in version `sf'
(Font)                  U/jkpsyc/m/n --> U/jkpsyc/m/n on input line 553.
LaTeX Font Info:    Overwriting symbol font `symbolsC' in version `boldsf'
(Font)                  U/jkpsyc/m/n --> U/jkpsyc/bx/n on input line 554.
LaTeX Font Info:    Overwriting math alphabet `\mathscr' in version `bold'
(Font)                  U/jkpsyd/m/n --> U/jkpsyd/bx/n on input line 583.
LaTeX Font Info:    Overwriting math alphabet `\mathscr' in version `rm'
(Font)                  U/jkpsyd/m/n --> U/jkpsyd/m/n on input line 585.
LaTeX Font Info:    Overwriting math alphabet `\mathscr' in version `boldrm'
(Font)                  U/jkpsyd/m/n --> U/jkpsyd/bx/n on input line 586.
LaTeX Font Info:    Overwriting math alphabet `\mathscr' in version `sf'
(Font)                  U/jkpsyd/m/n --> U/jkpsyd/m/n on input line 587.
LaTeX Font Info:    Overwriting math alphabet `\mathscr' in version `boldsf'
(Font)                  U/jkpsyd/m/n --> U/jkpsyd/bx/n on input line 588.
LaTeX Font Info:    Redeclaring symbol font `largesymbols' on input line 598.
LaTeX Font Info:    Overwriting symbol font `largesymbols' in version `normal'
(Font)                  OMX/lmex/m/n --> OMX/jkp/m/n on input line 598.
LaTeX Font Info:    Overwriting symbol font `largesymbols' in version `bold'
(Font)                  OMX/lmex/m/n --> OMX/jkp/m/n on input line 598.
LaTeX Font Info:    Overwriting symbol font `largesymbols' in version `rm'
(Font)                  OMX/cmex/m/n --> OMX/jkp/m/n on input line 598.
LaTeX Font Info:    Overwriting symbol font `largesymbols' in version `boldrm'
(Font)                  OMX/cmex/m/n --> OMX/jkp/m/n on input line 598.
LaTeX Font Info:    Overwriting symbol font `largesymbols' in version `sf'
(Font)                  OMX/cmex/m/n --> OMX/jkp/m/n on input line 598.
LaTeX Font Info:    Overwriting symbol font `largesymbols' in version `boldsf'
(Font)                  OMX/cmex/m/n --> OMX/jkp/m/n on input line 598.
LaTeX Font Info:    Overwriting symbol font `largesymbols' in version `bold'
(Font)                  OMX/jkp/m/n --> OMX/jkp/bx/n on input line 599.
LaTeX Font Info:    Overwriting symbol font `largesymbols' in version `rm'
(Font)                  OMX/jkp/m/n --> OMX/jkp/m/n on input line 601.
LaTeX Font Info:    Overwriting symbol font `largesymbols' in version `boldrm'
(Font)                  OMX/jkp/m/n --> OMX/jkp/bx/n on input line 602.
LaTeX Font Info:    Overwriting symbol font `largesymbols' in version `sf'
(Font)                  OMX/jkp/m/n --> OMX/jkpss/m/n on input line 603.
LaTeX Font Info:    Overwriting symbol font `largesymbols' in version `boldsf'
(Font)                  OMX/jkp/m/n --> OMX/jkpss/bx/n on input line 604.
\symlargesymbolsA=\mathgroup8
LaTeX Font Info:    Overwriting symbol font `largesymbolsA' in version `bold'
(Font)                  U/jkpexa/m/n --> U/jkpexa/bx/n on input line 615.
LaTeX Font Info:    Overwriting symbol font `largesymbolsA' in version `rm'
(Font)                  U/jkpexa/m/n --> U/jkpexa/m/n on input line 617.
LaTeX Font Info:    Overwriting symbol font `largesymbolsA' in version `boldrm'

(Font)                  U/jkpexa/m/n --> U/jkpexa/bx/n on input line 618.
LaTeX Font Info:    Overwriting symbol font `largesymbolsA' in version `sf'
(Font)                  U/jkpexa/m/n --> U/jkpexa/m/n on input line 619.
LaTeX Font Info:    Overwriting symbol font `largesymbolsA' in version `boldsf'

(Font)                  U/jkpexa/m/n --> U/jkpexa/bx/n on input line 620.
LaTeX Font Info:    Redeclaring math delimiter \ulcorner on input line 824.
LaTeX Font Info:    Redeclaring math delimiter \urcorner on input line 825.
LaTeX Font Info:    Redeclaring math delimiter \llcorner on input line 831.
LaTeX Font Info:    Redeclaring math delimiter \lrcorner on input line 832.
LaTeX Info: Redefining \not on input line 1580.
)
("C:\Users\Pablo Vivas\AppData\Local\Programs\MiKTeX 2.9\tex/latex/apacite\apac
ite.sty"
Package: apacite 2013/07/21 v6.03 APA citation
\c@BibCnt=\count108
\bibleftmargin=\skip46
\bibindent=\skip47
\bibparsep=\skip48
\bibitemsep=\skip49
\biblabelsep=\skip50
)
("C:\Users\Pablo Vivas\AppData\Local\Programs\MiKTeX 2.9\tex/latex/multirow\mul
tirow.sty"
Package: multirow 2019/05/31 v2.5 Span multiple rows of a table
\multirow@colwidth=\skip51
\multirow@cntb=\count109
\multirow@dima=\skip52
\bigstrutjot=\dimen115
)
("C:\Users\Pablo Vivas\AppData\Local\Programs\MiKTeX 2.9\tex/latex/psnfss\Times
.sty"

LaTeX Warning: You have requested package `Times',
               but the package provides `times'.

Package: times 2005/04/12 PSNFSS-v9.2a (SPQR) 
)
("C:\Users\Pablo Vivas\AppData\Local\Programs\MiKTeX 2.9\tex/latex/fancyhdr\fan
cyhdr.sty"
Package: fancyhdr 2019/01/31 v3.10 Extensive control of page headers and footer
s
\f@nch@headwidth=\skip53
\f@nch@O@elh=\skip54
\f@nch@O@erh=\skip55
\f@nch@O@olh=\skip56
\f@nch@O@orh=\skip57
\f@nch@O@elf=\skip58
\f@nch@O@erf=\skip59
\f@nch@O@olf=\skip60
\f@nch@O@orf=\skip61
) (Escrito.aux
LaTeX Info: Redefining \. on input line 7.
LaTeX Info: Redefining \% on input line 7.
)
\openout1 = `Escrito.aux'.

LaTeX Font Info:    Checking defaults for OML/jkp/m/it on input line 47.
LaTeX Font Info:    Trying to load font information for OML+jkp on input line 4
7.

("C:\Users\Pablo Vivas\AppData\Local\Programs\MiKTeX 2.9\tex/latex/kpfonts\omlj
kp.fd"
File: omljkp.fd 2006/08/15 v1.0
)
LaTeX Font Info:    ... okay on input line 47.
LaTeX Font Info:    Checking defaults for T1/cmr/m/n on input line 47.
LaTeX Font Info:    ... okay on input line 47.
LaTeX Font Info:    Checking defaults for OT1/cmr/m/n on input line 47.
LaTeX Font Info:    ... okay on input line 47.
LaTeX Font Info:    Checking defaults for OMS/jkp/m/n on input line 47.
LaTeX Font Info:    Trying to load font information for OMS+jkp on input line 4
7.

("C:\Users\Pablo Vivas\AppData\Local\Programs\MiKTeX 2.9\tex/latex/kpfonts\omsj
kp.fd"
File: omsjkp.fd 2006/08/15 v1.0
)
LaTeX Font Info:    ... okay on input line 47.
LaTeX Font Info:    Checking defaults for OMX/jkp/m/n on input line 47.
LaTeX Font Info:    Trying to load font information for OMX+jkp on input line 4
7.

("C:\Users\Pablo Vivas\AppData\Local\Programs\MiKTeX 2.9\tex/latex/kpfonts\omxj
kp.fd"
File: omxjkp.fd 2006/08/15 v1.0
)
LaTeX Font Info:    ... okay on input line 47.
LaTeX Font Info:    Checking defaults for U/jkpexa/m/n on input line 47.
LaTeX Font Info:    Trying to load font information for U+jkpexa on input line 
47.

("C:\Users\Pablo Vivas\AppData\Local\Programs\MiKTeX 2.9\tex/latex/kpfonts\ujkp
exa.fd"
File: ujkpexa.fd 2006/08/15 v1.0
)
LaTeX Font Info:    ... okay on input line 47.
LaTeX Font Info:    Checking defaults for TS1/cmr/m/n on input line 47.
LaTeX Font Info:    Trying to load font information for TS1+cmr on input line 4
7.

("C:\Users\Pablo Vivas\AppData\Local\Programs\MiKTeX 2.9\tex/latex/base\ts1cmr.
fd"
File: ts1cmr.fd 2014/09/29 v2.5h Standard LaTeX font definitions
)
LaTeX Font Info:    ... okay on input line 47.
LaTeX Font Info:    Trying to load font information for OT1+ptm on input line 4
7.

("C:\Users\Pablo Vivas\AppData\Local\Programs\MiKTeX 2.9\tex/latex/psnfss\ot1pt
m.fd"
File: ot1ptm.fd 2001/06/04 font definitions for OT1/ptm.
)
LaTeX Info: Redefining \. on input line 47.
LaTeX Info: Redefining \% on input line 47.

("C:\Users\Pablo Vivas\AppData\Local\Programs\MiKTeX 2.9\tex/context/base/mkii\
supp-pdf.mkii"
[Loading MPS to PDF converter (version 2006.09.02).]
\scratchcounter=\count110
\scratchdimen=\dimen116
\scratchbox=\box29
\nofMPsegments=\count111
\nofMParguments=\count112
\everyMPshowfont=\toks23
\MPscratchCnt=\count113
\MPscratchDim=\dimen117
\MPnumerator=\count114
\makeMPintoPDFobject=\count115
\everyMPtoPDFconversion=\toks24
)
("C:\Users\Pablo Vivas\AppData\Local\Programs\MiKTeX 2.9\tex/latex/oberdiek\eps
topdf-base.sty"
Package: epstopdf-base 2016/05/15 v2.6 Base part for package epstopdf

("C:\Users\Pablo Vivas\AppData\Local\Programs\MiKTeX 2.9\tex/generic/oberdiek\i
nfwarerr.sty"
Package: infwarerr 2016/05/16 v1.4 Providing info/warning/error messages (HO)
)
("C:\Users\Pablo Vivas\AppData\Local\Programs\MiKTeX 2.9\tex/latex/oberdiek\grf
ext.sty"
Package: grfext 2016/05/16 v1.2 Manage graphics extensions (HO)

("C:\Users\Pablo Vivas\AppData\Local\Programs\MiKTeX 2.9\tex/generic/oberdiek\k
vdefinekeys.sty"
Package: kvdefinekeys 2016/05/16 v1.4 Define keys (HO)

("C:\Users\Pablo Vivas\AppData\Local\Programs\MiKTeX 2.9\tex/generic/oberdiek\l
txcmds.sty"
Package: ltxcmds 2016/05/16 v1.23 LaTeX kernel commands for general use (HO)
)))
("C:\Users\Pablo Vivas\AppData\Local\Programs\MiKTeX 2.9\tex/latex/oberdiek\kvo
ptions.sty"
Package: kvoptions 2016/05/16 v3.12 Key value format for package options (HO)

("C:\Users\Pablo Vivas\AppData\Local\Programs\MiKTeX 2.9\tex/generic/oberdiek\k
vsetkeys.sty"
Package: kvsetkeys 2016/05/16 v1.17 Key value parser (HO)

("C:\Users\Pablo Vivas\AppData\Local\Programs\MiKTeX 2.9\tex/generic/oberdiek\e
texcmds.sty"
Package: etexcmds 2016/05/16 v1.6 Avoid name clashes with e-TeX commands (HO)

("C:\Users\Pablo Vivas\AppData\Local\Programs\MiKTeX 2.9\tex/generic/oberdiek\i
fluatex.sty"
Package: ifluatex 2016/05/16 v1.4 Provides the ifluatex switch (HO)
Package ifluatex Info: LuaTeX not detected.
))))
("C:\Users\Pablo Vivas\AppData\Local\Programs\MiKTeX 2.9\tex/generic/oberdiek\p
dftexcmds.sty"
Package: pdftexcmds 2019/07/25 v0.30 Utility functions of pdfTeX for LuaTeX (HO
)

("C:\Users\Pablo Vivas\AppData\Local\Programs\MiKTeX 2.9\tex/generic/oberdiek\i
fpdf.sty"
Package: ifpdf 2018/09/07 v3.3 Provides the ifpdf switch
)
Package pdftexcmds Info: LuaTeX not detected.
Package pdftexcmds Info: \pdf@primitive is available.
Package pdftexcmds Info: \pdf@ifprimitive is available.
Package pdftexcmds Info: \pdfdraftmode found.
)
Package epstopdf-base Info: Redefining graphics rule for `.eps' on input line 4
38.
Package grfext Info: Graphics extension search list:
(grfext)             [.pdf,.png,.jpg,.mps,.jpeg,.jbig2,.jb2,.PDF,.PNG,.JPG,.JPE
G,.JBIG2,.JB2,.eps]
(grfext)             \AppendGraphicsExtensions on input line 456.
)
\c@maskedRefs=\count116

("C:\Users\Pablo Vivas\AppData\Local\Programs\MiKTeX 2.9\tex/latex/apacite\span
ish.apc"
File: spanish.apc 2013/07/21 v6.03 apacite language file
LaTeX Info: Redefining \BPBI on input line 138.
LaTeX Info: Redefining \BHBI on input line 139.
)
LaTeX Font Info:    Trying to load font information for OT1+jkp on input line 4
9.

("C:\Users\Pablo Vivas\AppData\Local\Programs\MiKTeX 2.9\tex/latex/kpfonts\ot1j
kp.fd"
File: ot1jkp.fd 2007/08/30 Fontinst v1.928 font definitions for OT1/jkp.
)
LaTeX Font Info:    Trying to load font information for U+jkpsya on input line 
49.

("C:\Users\Pablo Vivas\AppData\Local\Programs\MiKTeX 2.9\tex/latex/kpfonts\ujkp
sya.fd"
File: ujkpsya.fd 2006/08/15 v1.0
)
LaTeX Font Info:    Trying to load font information for U+jkpsyb on input line 
49.

("C:\Users\Pablo Vivas\AppData\Local\Programs\MiKTeX 2.9\tex/latex/kpfonts\ujkp
syb.fd"
File: ujkpsyb.fd 2006/08/15 v1.0
)
LaTeX Font Info:    Trying to load font information for U+jkpmia on input line 
49.

("C:\Users\Pablo Vivas\AppData\Local\Programs\MiKTeX 2.9\tex/latex/kpfonts\ujkp
mia.fd"
File: ujkpmia.fd 2006/08/15 v1.0
)
LaTeX Font Info:    Trying to load font information for U+jkpsyc on input line 
49.

("C:\Users\Pablo Vivas\AppData\Local\Programs\MiKTeX 2.9\tex/latex/kpfonts\ujkp
syc.fd"
File: ujkpsyc.fd 2006/08/15 v1.0
) [1

{C:/Users/Pablo Vivas/AppData/Local/MiKTeX/2.9/pdftex/config/pdftex.map}]

Package Fancyhdr Warning: \headheight is too small (12.0pt): 
Make it at least 14.49998pt.
We now make it that large for the rest of the document.
This may cause the page layout to be inconsistent, however.

[1] [2]
<F11.pdf, id=18, 505.89pt x 505.89pt>
File: F11.pdf Graphic file (type pdf)
<use F11.pdf>
Package pdftex.def Info: F11.pdf  used on input line 81.
(pdftex.def)             Requested size: 187.19833pt x 187.19952pt.
<F12.pdf, id=19, 505.89pt x 505.89pt>
File: F12.pdf Graphic file (type pdf)
<use F12.pdf>
Package pdftex.def Info: F12.pdf  used on input line 82.
(pdftex.def)             Requested size: 187.19833pt x 187.19952pt.
 [3]
<F21.pdf, id=23, 505.89pt x 505.89pt>
File: F21.pdf Graphic file (type pdf)
<use F21.pdf>
Package pdftex.def Info: F21.pdf  used on input line 91.
(pdftex.def)             Requested size: 187.19833pt x 187.19952pt.
<F22.pdf, id=24, 505.89pt x 505.89pt>
File: F22.pdf Graphic file (type pdf)
<use F22.pdf>
Package pdftex.def Info: F22.pdf  used on input line 92.
(pdftex.def)             Requested size: 187.19833pt x 187.19952pt.
 [4 <./F11.pdf> <./F12.pdf>] [5 <./F21.pdf> <./F22.pdf>]
<F4.pdf, id=49, 505.89pt x 505.89pt>
File: F4.pdf Graphic file (type pdf)
<use F4.pdf>
Package pdftex.def Info: F4.pdf  used on input line 116.
(pdftex.def)             Requested size: 227.64839pt x 227.64839pt.
 [6 <./F4.pdf>]
<F5.pdf, id=59, 505.89pt x 505.89pt>
File: F5.pdf Graphic file (type pdf)
<use F5.pdf>
Package pdftex.def Info: F5.pdf  used on input line 124.
(pdftex.def)             Requested size: 242.82443pt x 242.82443pt.
<F6.pdf, id=60, 505.89pt x 505.89pt>
File: F6.pdf Graphic file (type pdf)
<use F6.pdf>
Package pdftex.def Info: F6.pdf  used on input line 130.
(pdftex.def)             Requested size: 232.71222pt x 232.71222pt.
 [7 <./F5.pdf>]
<FF2.pdf, id=69, 505.89pt x 505.89pt>
File: FF2.pdf Graphic file (type pdf)
<use FF2.pdf>
Package pdftex.def Info: FF2.pdf  used on input line 153.
(pdftex.def)             Requested size: 227.64839pt x 227.64839pt.


LaTeX Warning: `!h' float specifier changed to `!ht'.

[8 <./F6.pdf>] [9 <./FF2.pdf>]
<FF1.pdf, id=86, 505.89pt x 505.89pt>
File: FF1.pdf Graphic file (type pdf)
<use FF1.pdf>
Package pdftex.def Info: FF1.pdf  used on input line 183.
(pdftex.def)             Requested size: 278.24034pt x 278.24034pt.
 [10 <./FF1.pdf>] [11] (Escrito.bbl
LaTeX Font Info:    Trying to load font information for OT1+pcr on input line 5
3.

("C:\Users\Pablo Vivas\AppData\Local\Programs\MiKTeX 2.9\tex/latex/psnfss\ot1pc
r.fd"
File: ot1pcr.fd 2001/06/04 font definitions for OT1/pcr.
)
Underfull \hbox (badness 10000) in paragraph at lines 44--58
[]\OT1/ptm/m/n/12 Aragon, T. J.  (2017).  epi-tools: Epi-de-miology tools
 []


Underfull \hbox (badness 10000) in paragraph at lines 44--58
\OT1/ptm/m/n/12 [Ma-nual de soft-wa-re in-form[]ati-co].  Des-car-ga-do de
 []


Underfull \hbox (badness 3826) in paragraph at lines 44--58
\OT1/pcr/m/n/12 https://CRAN.R-project.org/package=epitools   \OT1/ptm/m/n/12 (
R pac-
 []


Underfull \hbox (badness 6477) in paragraph at lines 155--169
[]\OT1/ptm/m/n/12 Fabio S[]anchez Pe[]na.  (s.f.[]).  \OT1/ptm/m/it/12 Mat-he-m
a-ti-cal Mo-dels for the De-
 []


Underfull \hbox (badness 4291) in paragraph at lines 155--169
\OT1/ptm/m/it/12 ve-lop-ment of Pre-ven-tion/Control Stra-te-gies of Ae-des Aeg
y-pti in Cos-ta
 []


Underfull \hbox (badness 3199) in paragraph at lines 155--169
\OT1/ptm/m/it/12 Ri-ca, url=http://www.ucrea.ucr.ac.cr/proyectos-vigentes/aedes
-aegypti/, jour-
 []


Underfull \hbox (badness 10000) in paragraph at lines 227--241
[]\OT1/ptm/m/n/12 Neuwirth, E.  (2014).  Rco-lor-bre-wer: Co-lor-bre-wer pa-
 []


Underfull \hbox (badness 10000) in paragraph at lines 227--241
\OT1/ptm/m/n/12 let-tes [Ma-nual de soft-wa-re in-form[]ati-co].  Des-car-ga-do
 de
 []


Underfull \hbox (badness 4254) in paragraph at lines 227--241
\OT1/pcr/m/n/12 https://CRAN.R-project.org/package=RColorBrewer   \OT1/ptm/m/n/
12 (R
 []


Underfull \hbox (badness 1325) in paragraph at lines 253--269
\OT1/ptm/m/n/12 Spa-tial Vec-tor Da-ta.  \OT1/ptm/m/it/12 The R Jour-nal\OT1/pt
m/m/n/12 , \OT1/ptm/m/it/12 10\OT1/ptm/m/n/12 (1), 439--446.  Des-car-ga-do de
 []

[12]
Underfull \hbox (badness 10000) in paragraph at lines 356--370
[]\OT1/ptm/m/n/12 Tennekes, M.  (2019).  tmap-tools: The-ma-tic map
 []


Underfull \hbox (badness 10000) in paragraph at lines 356--370
\OT1/ptm/m/n/12 tools [Ma-nual de soft-wa-re in-form[]ati-co].  Des-car-ga-do d
e
 []


Underfull \hbox (badness 1755) in paragraph at lines 356--370
\OT1/pcr/m/n/12 https://CRAN.R-project.org/package=tmaptools   \OT1/ptm/m/n/12 
(R pac-
 []


Underfull \hbox (badness 3701) in paragraph at lines 384--400
[]\OT1/ptm/m/n/12 Venables, W. N., y Ri-pley, B. D.  (2002).  \OT1/ptm/m/it/12 
Mo-dern ap-plied sta-
 []


Underfull \hbox (badness 4156) in paragraph at lines 384--400
\OT1/ptm/m/it/12 tis-tics with s \OT1/ptm/m/n/12 (Fourth ed.[]).  New York: Spr
in-ger.  Des-car-ga-do de
 []


Underfull \hbox (badness 10000) in paragraph at lines 447--462
[]\OT1/ptm/m/n/12 Wickham, H.  (2017).  tidy-ver-se: Ea-sily ins-tall and load 
the
 []


Underfull \hbox (badness 10000) in paragraph at lines 447--462
\OT1/ptm/m/n/12 'tidy-ver-se' [Ma-nual de soft-wa-re in-form[]ati-co].  Des-car
-ga-do de
 []


Underfull \hbox (badness 1755) in paragraph at lines 447--462
\OT1/pcr/m/n/12 https://CRAN.R-project.org/package=tidyverse   \OT1/ptm/m/n/12 
(R pac-
 []


Underfull \hbox (badness 10000) in paragraph at lines 476--491
[]\OT1/ptm/m/n/12 Wickham, H., y Bryan, J.  (2019).  readxl: Read ex-
 []


Underfull \hbox (badness 10000) in paragraph at lines 476--491
\OT1/ptm/m/n/12 cel fi-les [Ma-nual de soft-wa-re in-form[]ati-co].  Des-car-ga
-do de
 []


Underfull \hbox (badness 2478) in paragraph at lines 476--491
\OT1/pcr/m/n/12 https://CRAN.R-project.org/package=readxl   \OT1/ptm/m/n/12 (R 
pac-ka-ge
 []

) [13]
<FA1.pdf, id=106, 505.89pt x 505.89pt>
File: FA1.pdf Graphic file (type pdf)
<use FA1.pdf>
Package pdftex.def Info: FA1.pdf  used on input line 203.
(pdftex.def)             Requested size: 187.19833pt x 187.19952pt.
<FA2.pdf, id=107, 505.89pt x 505.89pt>
File: FA2.pdf Graphic file (type pdf)
<use FA2.pdf>
Package pdftex.def Info: FA2.pdf  used on input line 204.
(pdftex.def)             Requested size: 187.19833pt x 187.19952pt.
 [14 <./FA1.pdf> <./FA2.pdf>]
<FA3.pdf, id=121, 505.89pt x 505.89pt>
File: FA3.pdf Graphic file (type pdf)
<use FA3.pdf>
Package pdftex.def Info: FA3.pdf  used on input line 210.
(pdftex.def)             Requested size: 187.19833pt x 187.19952pt.
<FA4.pdf, id=122, 505.89pt x 505.89pt>
File: FA4.pdf Graphic file (type pdf)
<use FA4.pdf>
Package pdftex.def Info: FA4.pdf  used on input line 211.
(pdftex.def)             Requested size: 187.19833pt x 187.19952pt.
<FA5.pdf, id=123, 505.89pt x 505.89pt>
File: FA5.pdf Graphic file (type pdf)
<use FA5.pdf>
Package pdftex.def Info: FA5.pdf  used on input line 212.
(pdftex.def)             Requested size: 187.19833pt x 187.19952pt.
<FA6.pdf, id=124, 505.89pt x 505.89pt>
File: FA6.pdf Graphic file (type pdf)
<use FA6.pdf>
Package pdftex.def Info: FA6.pdf  used on input line 213.
(pdftex.def)             Requested size: 187.19833pt x 187.19952pt.
 [15 <./FA3.pdf> <./FA4.pdf> <./FA5.pdf> <./FA6.pdf>]
<FF31.pdf, id=148, 505.89pt x 505.89pt>
File: FF31.pdf Graphic file (type pdf)
<use FF31.pdf>
Package pdftex.def Info: FF31.pdf  used on input line 219.
(pdftex.def)             Requested size: 187.19833pt x 187.19952pt.
<FF32.pdf, id=149, 505.89pt x 505.89pt>
File: FF32.pdf Graphic file (type pdf)
<use FF32.pdf>
Package pdftex.def Info: FF32.pdf  used on input line 220.
(pdftex.def)             Requested size: 187.19833pt x 187.19952pt.
<FF33.pdf, id=150, 505.89pt x 505.89pt>
File: FF33.pdf Graphic file (type pdf)
<use FF33.pdf>
Package pdftex.def Info: FF33.pdf  used on input line 221.
(pdftex.def)             Requested size: 187.19833pt x 187.19952pt.
 [16 <./FF31.pdf> <./FF32.pdf> <./FF33.pdf>]
Overfull \hbox (13.19983pt too wide) in paragraph at lines 597--597
[]\OT1/pcr/m/n/12 indicadores <- read_excel("Datos/Datos Cantonales.xlsx")[] 
 []

[17]
Overfull \hbox (149.99977pt too wide) in paragraph at lines 597--597
[]\OT1/pcr/m/n/12 # Primer ploteo ---------------------------------------------
--------------[] 
 []


Overfull \hbox (149.99977pt too wide) in paragraph at lines 597--597
[]  \OT1/pcr/m/n/12 tm_polygons("dengue", palette=c("lightgreen","tomato"), leg
end.hist=TRUE)[] 
 []


Overfull \hbox (142.79977pt too wide) in paragraph at lines 597--597
[]  \OT1/pcr/m/n/12 tm_polygons("dengue", palette=c("lightgreen","tomato"),styl
e="quantile")[] 
 []


Overfull \hbox (142.79977pt too wide) in paragraph at lines 597--597
[]  \OT1/pcr/m/n/12 tm_polygons("casos", palette=c("lightgreen","tomato"), lege
nd.hist=TRUE)[] 
 []

[18]
Overfull \hbox (77.9998pt too wide) in paragraph at lines 597--597
[]  \OT1/pcr/m/n/12 tm_fill("dengue",style="sd",palette=c("lightgreen","tomato"
)) +[] 
 []


Overfull \hbox (99.5998pt too wide) in paragraph at lines 597--597
[]  \OT1/pcr/m/n/12 tm_polygons("densidad",n=6, palette="-Spectral", style="qua
ntile")[] 
 []

[19]
Overfull \hbox (149.99977pt too wide) in paragraph at lines 597--597
[]\OT1/pcr/m/n/12 # An[]alisis Frecuentista -----------------------------------
----------------[] 
 []


Overfull \hbox (221.99974pt too wide) in paragraph at lines 597--597
[]\OT1/pcr/m/n/12 datos_sp@bbox <- matrix(c(286803.0, 889158.2, 658864.2,124111
8.1),ncol = 2,byrow = F)[] 
 []


Overfull \hbox (41.99982pt too wide) in paragraph at lines 597--597
[]\OT1/pcr/m/n/12 plot(nb.1,coords, pch = 20, cex = 0.6, add = T, col = "red")[
] 
 []


Overfull \hbox (41.99982pt too wide) in paragraph at lines 597--597
[]\OT1/pcr/m/n/12 plot(nb.4,coords, pch = 20, cex = 0.6, add = T, col = "red")[
] 
 []

[20]
Overfull \hbox (207.59975pt too wide) in paragraph at lines 597--597
[]\OT1/pcr/m/n/12 rm(nb.2,nb.3,nb.4,w.12,w.13,w.21,w.22,w.23,w.31,w.32,w.33,w.4
1,w.42,w.43,coords,id)[] 
 []

[21]
Overfull \hbox (99.5998pt too wide) in paragraph at lines 597--597
[]\OT1/pcr/m/n/12 m1 <- lm(dengue~tugurio+densidad+residuos+acueducto,data = da
tos_sp)[] 
 []


Overfull \hbox (20.39983pt too wide) in paragraph at lines 597--597
[]\OT1/pcr/m/n/12 m1 <- lm(sqrt(dengue)~residuos+acueducto,data = datos_sp)[] 
 []


Overfull \hbox (221.99974pt too wide) in paragraph at lines 597--597
[]\OT1/pcr/m/n/12 m2 <- spautolm(dengue~tugurio+densidad+residuos+acueducto,dat
a = datos_sp,listw=w.11)[] 
 []


Overfull \hbox (99.5998pt too wide) in paragraph at lines 597--597
[]\OT1/pcr/m/n/12 m2 <- spautolm(dengue~residuos+acueducto,data = datos_sp,list
w=w.11)[] 
 []


Overfull \hbox (329.9997pt too wide) in paragraph at lines 597--597
[]\OT1/pcr/m/n/12 m3 <- spautolm(dengue~tugurio+densidad+residuos+acueducto,dat
a = datos_sp,listw=w.11,family = "CAR")[] 
 []


Overfull \hbox (207.59975pt too wide) in paragraph at lines 597--597
[]\OT1/pcr/m/n/12 m3 <- spautolm(dengue~residuos+acueducto,data = datos_sp,list
w=w.11,family = "CAR")[] 
 []

[22]
Overfull \hbox (409.19966pt too wide) in paragraph at lines 597--597
[]\OT1/pcr/m/n/12 m4 <- gam(as.integer(casos)~+residuos+acueducto+offset(log(po
b))+s(x,y), data=datos_sp, family= "quasipoisson")[] 
 []


Overfull \hbox (286.79971pt too wide) in paragraph at lines 597--597
[]\OT1/pcr/m/n/12 spplot(datos_sp,c("observados","esperados"), col.regions=rev(
brewer.pal(7, "RdYlGn")), cuts=6)[] 
 []

[23]
Overfull \hbox (121.19978pt too wide) in paragraph at lines 597--597
[]\OT1/pcr/m/n/12 spplot(datos_sp,"SMR",col.regions=rev(brewer.pal(7, "RdYlGn")
), cuts=6)[] 
 []


Overfull \hbox (135.59978pt too wide) in paragraph at lines 597--597
[]\OT1/pcr/m/n/12 plotCI(x = 1:81, y = int$x, ui = int$upper,li = int$lower,pch
=18,err="y",[] 
 []


Overfull \hbox (135.59978pt too wide) in paragraph at lines 597--597
[]       \OT1/pcr/m/n/12 col=col,sfrac = 0,xlab="Cantones",ylab="Riesgo Relativ
o",xaxt="n")[] 
 []


Overfull \hbox (149.99977pt too wide) in paragraph at lines 597--597
[]\OT1/pcr/m/n/12 # INLA ------------------------------------------------------
--------------[] 
 []

[24]
Overfull \hbox (149.99977pt too wide) in paragraph at lines 597--597
[]\OT1/pcr/m/n/12 # F[]ormulas INLA -------------------------------------------
----------------[] 
 []


Overfull \hbox (121.19978pt too wide) in paragraph at lines 597--597
[]\OT1/pcr/m/n/12 formula1 <- casos ~ f(region_2,model="besag",graph.file="deng
ue.graph",[] 
 []


Overfull \hbox (157.19977pt too wide) in paragraph at lines 597--597
[]                     \OT1/pcr/m/n/12 param=c(1,0.00005))+ residuos + acueduct
o + f(region_1)[] 
 []


Overfull \hbox (185.99976pt too wide) in paragraph at lines 597--597
[]                    \OT1/pcr/m/n/12 control.compute = list(dic = TRUE, waic =
 TRUE, cpo = TRUE),[] 
 []


Overfull \hbox (49.19981pt too wide) in paragraph at lines 597--597
[]                    \OT1/pcr/m/n/12 control.predictor = list(compute = TRUE))
[] 
 []


Overfull \hbox (164.39977pt too wide) in paragraph at lines 597--597
[]\OT1/pcr/m/n/12 formula2 <- casos ~ f(region_2,model="besagproper",graph.file
="dengue.graph",[] 
 []


Overfull \hbox (164.39977pt too wide) in paragraph at lines 597--597
[]                      \OT1/pcr/m/n/12 param=c(1,0.00005))+ residuos + acueduc
to + f(region_1)[] 
 []


Overfull \hbox (142.79977pt too wide) in paragraph at lines 597--597
[]              \OT1/pcr/m/n/12 control.compute = list(dic = TRUE, waic = TRUE,
 cpo = TRUE),[] 
 []


Overfull \hbox (5.99983pt too wide) in paragraph at lines 597--597
[]              \OT1/pcr/m/n/12 control.predictor = list(compute = TRUE))[] 
 []


Overfull \hbox (106.79979pt too wide) in paragraph at lines 597--597
[]\OT1/pcr/m/n/12 formula3 <- casos ~ f(region_2,model="bym",graph.file="dengue
.graph",[] 
 []


Overfull \hbox (164.39977pt too wide) in paragraph at lines 597--597
[]                      \OT1/pcr/m/n/12 param=c(1,0.00005))+ residuos + acueduc
to + f(region_1)[] 
 []

[25]
Overfull \hbox (142.79977pt too wide) in paragraph at lines 597--597
[]              \OT1/pcr/m/n/12 control.compute = list(dic = TRUE, waic = TRUE,
 cpo = TRUE),[] 
 []


Overfull \hbox (5.99983pt too wide) in paragraph at lines 597--597
[]              \OT1/pcr/m/n/12 control.predictor = list(compute = TRUE))[] 
 []


Overfull \hbox (106.79979pt too wide) in paragraph at lines 597--597
[]\OT1/pcr/m/n/12 formula4 <- casos ~ f(region_2,model="iid",graph.file="dengue
.graph",[] 
 []


Overfull \hbox (164.39977pt too wide) in paragraph at lines 597--597
[]                      \OT1/pcr/m/n/12 param=c(1,0.00005))+ residuos + acueduc
to + f(region_1)[] 
 []


Overfull \hbox (142.79977pt too wide) in paragraph at lines 597--597
[]              \OT1/pcr/m/n/12 control.compute = list(dic = TRUE, waic = TRUE,
 cpo = TRUE),[] 
 []


Overfull \hbox (5.99983pt too wide) in paragraph at lines 597--597
[]              \OT1/pcr/m/n/12 control.predictor = list(compute = TRUE))[] 
 []


Overfull \hbox (41.99982pt too wide) in paragraph at lines 597--597
[]\OT1/pcr/m/n/12 datos_sp$besagproper <- m_in2$summary.fitted.values[,"mean"][
] 
 []


Overfull \hbox (20.39983pt too wide) in paragraph at lines 597--597
[]             \OT1/pcr/m/n/12 m_in1$summary.fitted.values[, "0.025quant"],[] 
 []


Overfull \hbox (20.39983pt too wide) in paragraph at lines 597--597
[]             \OT1/pcr/m/n/12 m_in1$summary.fitted.values[, "0.975quant"])[] 
 []

[26]
Overfull \hbox (135.59978pt too wide) in paragraph at lines 597--597
[]\OT1/pcr/m/n/12 plotCI(x = 1:81, y = int$x, ui = int$upper,li = int$lower,pch
=18,err="y",[] 
 []


Overfull \hbox (135.59978pt too wide) in paragraph at lines 597--597
[]       \OT1/pcr/m/n/12 col=col,sfrac = 0,xlab="Cantones",ylab="Riesgo Relativ
o",xaxt="n")[] 
 []


Overfull \hbox (5.99983pt too wide) in paragraph at lines 597--597
[]\OT1/pcr/m/n/12 spplot(datos_sp, c("bym", "iid","besag","besagproper"))[] 
 []


Overfull \hbox (171.59976pt too wide) in paragraph at lines 597--597
[]\OT1/pcr/m/n/12 marginal1.0 <- data.frame(inla.smarginal(m_in1$marginals.fixe
d$`(Intercept)`))[] 
 []


Overfull \hbox (5.99983pt too wide) in paragraph at lines 597--597
[]  \OT1/pcr/m/n/12 geom_vline(xintercept = 0, col = "blue") + theme_bw()[] 
 []


Overfull \hbox (135.59978pt too wide) in paragraph at lines 597--597
[]\OT1/pcr/m/n/12 marginal1.1 <- data.frame(inla.smarginal(m_in1$marginals.fixe
d$residuos))[] 
 []


Overfull \hbox (5.99983pt too wide) in paragraph at lines 597--597
[]  \OT1/pcr/m/n/12 geom_vline(xintercept = 0, col = "blue") + theme_bw()[] 
 []


Overfull \hbox (142.79977pt too wide) in paragraph at lines 597--597
[]\OT1/pcr/m/n/12 marginal1.2 <- data.frame(inla.smarginal(m_in1$marginals.fixe
d$acueducto))[] 
 []

[27]
Overfull \hbox (5.99983pt too wide) in paragraph at lines 597--597
[]  \OT1/pcr/m/n/12 geom_vline(xintercept = 0, col = "blue") + theme_bw()[] 
 []

[28] (Escrito.aux
LaTeX Info: Redefining \. on input line 7.
LaTeX Info: Redefining \% on input line 7.
) ) 
Here is how much of TeX's memory you used:
 6193 strings out of 492452
 83014 string characters out of 3117260
 146911 words of memory out of 3000000
 10402 multiletter control sequences out of 15000+200000
 53570 words of font info for 119 fonts, out of 3000000 for 9000
 1141 hyphenation exceptions out of 8191
 46i,12n,45p,1452b,361s stack positions out of 5000i,500n,10000p,200000b,50000s
{C:/Users/Pablo Vivas/AppData/Local/Programs/MiKTeX 2.9/fonts/enc/dvips/base
/8r.enc}<C:/Users/Pablo Vivas/AppData/Local/Programs/MiKTeX 2.9/fonts/type1/pub
lic/kpfonts/jkpex.pfb><C:/Users/Pablo Vivas/AppData/Local/Programs/MiKTeX 2.9/f
onts/type1/public/kpfonts/jkpmi.pfb><C:/Users/Pablo Vivas/AppData/Local/Program
s/MiKTeX 2.9/fonts/type1/public/kpfonts/jkpmn8a.pfb><C:/Users/Pablo Vivas/AppDa
ta/Local/Programs/MiKTeX 2.9/fonts/type1/public/kpfonts/jkpsy.pfb><C:/Users/Pab
lo Vivas/AppData/Local/Programs/MiKTeX 2.9/fonts/type1/urw/courier/ucrr8a.pfb><
C:/Users/Pablo Vivas/AppData/Local/Programs/MiKTeX 2.9/fonts/type1/urw/times/ut
mb8a.pfb><C:/Users/Pablo Vivas/AppData/Local/Programs/MiKTeX 2.9/fonts/type1/ur
w/times/utmr8a.pfb><C:/Users/Pablo Vivas/AppData/Local/Programs/MiKTeX 2.9/font
s/type1/urw/times/utmri8a.pfb>
Output written on Escrito.pdf (29 pages, 13716059 bytes).
PDF statistics:
 237 PDF objects out of 1000 (max. 8388607)
 0 named destinations out of 1000 (max. 500000)
 91 words of extra memory for PDF output out of 10000 (max. 10000000)

